<?xml version="1.0" encoding="UTF-8"?>
<testng-results ignored="0" total="1" passed="1" failed="0" skipped="0">
  <reporter-output>
  </reporter-output>
  <suite started-at="2022-09-13T16:30:56 IST" name="Default suite" finished-at="2022-09-13T16:31:01 IST" duration-ms="4781">
    <groups>
    </groups>
    <test started-at="2022-09-13T16:30:56 IST" name="Default test" finished-at="2022-09-13T16:31:01 IST" duration-ms="4781">
      <class name="com.tests.Sampletest">
        <test-method signature="Sample1()[pri:0, instance:com.tests.Sampletest@10959ece]" started-at="2022-09-13T16:30:56 IST" name="Sample1" finished-at="2022-09-13T16:31:01 IST" duration-ms="4680" status="PASS">
          <reporter-output>
          </reporter-output>
        </test-method> <!-- Sample1 -->
      </class> <!-- com.tests.Sampletest -->
    </test> <!-- Default test -->
  </suite> <!-- Default suite -->
</testng-results>
